<?xml version="1.0" encoding="UTF-8"?>
<testsuite xmlns:xsi="http://www.w3.org/2001/XMLSchema-instance" xsi:noNamespaceSchemaLocation="https://maven.apache.org/surefire/maven-surefire-plugin/xsd/surefire-test-report.xsd" name="com.pollux.frame.test.utils.WebTestSingleUtilsTest" time="0.175" tests="2" errors="0" skipped="0" failures="0">
  <properties>
[...]
</properties>
  <testcase name="setAttributeForSession" classname="com.pollux.frame.test.utils.WebTestSingleUtilsTest" time="0.089"/>
  <testcase name="getRequest" classname="com.pollux.frame.test.utils.WebTestSingleUtilsTest" time="0.001"/>
</testsuite>